<?xml version="1.0" ?>
<!DOCTYPE coverage
  SYSTEM 'http://cobertura.sourceforge.net/xml/coverage-03.dtd'>
<coverage branch-rate="0.5" line-rate="0.176470588235" timestamp="1422447504" version="gcovr 2.4 (r2774)">
	<sources>
		<source>.</source>
	</sources>
	<packages>
		<package branch-rate="0.5" complexity="0.0" line-rate="0.176470588235" name="src">
			<classes>
				<class branch-rate="0.5" complexity="0.0" filename="src/component1.cc" line-rate="0.176470588235" name="component1_cc">
					<lines>
						<line branch="false" hits="0" number="32"/>
						<line branch="false" hits="0" number="35"/>
						<line branch="false" hits="0" number="36"/>
						<line branch="false" hits="0" number="37"/>
						<line branch="false" hits="0" number="40"/>
						<line branch="false" hits="0" number="41"/>
						<line branch="false" hits="0" number="42"/>
						<line branch="false" hits="2" number="11"/>
						<line branch="false" hits="0" number="45"/>
						<line branch="false" hits="0" number="46"/>
						<line branch="false" hits="0" number="47"/>
						<line branch="false" hits="0" number="50"/>
						<line branch="false" hits="0" number="51"/>
						<line branch="true" condition-coverage="50% (2/4)" hits="6" number="52">
							<conditions>
								<condition coverage="50%" number="0" type="jump"/>
							</conditions>
						</line>
						<line branch="false" hits="0" number="24"/>
						<line branch="false" hits="2" number="20"/>
						<line branch="false" hits="0" number="28"/>
					</lines>
				</class>
			</classes>
		</package>
	</packages>
</coverage>

