<?xml version="1.0" encoding="UTF-8"?>
<testsuites tests="5" failures="2" disabled="1" errors="0" time="0.244" name="AllTests">
  <testsuite name="Component1Test" tests="5" failures="2" disabled="1" errors="0" time="0.184">
    <testcase name="foo_successfull" status="run" time="0.018" classname="Component1Test" />
    <testcase name="foo_failing" status="run" time="0.066" classname="Component1Test">
      <failure message="Value of: 112&#x0A;Expected: bar.foo()&#x0A;Which is: 111" type=""><![CDATA[test_component1.cc:18
Value of: 112
Expected: bar.foo()
Which is: 111]]></failure>
    </testcase>
    <testcase name="foo_throwing" status="run" time="0.065" classname="Component1Test">
      <failure message="Unknown C++ exception thrown in the test body." type=""><![CDATA[unknown file
Unknown C++ exception thrown in the test body.]]></failure>
    </testcase>
    <testcase name="DISABLED_foo_skipped" status="notrun" time="0" classname="Component1Test" />
    <testcase name="foo_leaking" status="run" time="0.01" classname="Component1Test" />
  </testsuite>
</testsuites>
