<?xml version="1.0" encoding="UTF-8"?>
<testsuites tests="1" failures="0" disabled="0" errors="0" time="0.1" name="AllTests">
  <testsuite name="Component1Test" tests="1" failures="0" disabled="0" errors="0" time="0.1">
    <testcase name="testcase1" status="run" time="0.1" classname="TestClass1" />
    <testcase name="testcase2" status="run" time="0.1" classname="TestClass2" />
    <testcase name="testcase3" status="run" time="0.1" classname="TestClass3" />
    <testcase name="testcase4" status="run" time="0.1" classname="TestClass4" />
  </testsuite>
</testsuites>
